# JRE version: OpenJDK Runtime Environment (8.0_152) (build 1.8.0_152-release-1343-b16-5323222)
# Java VM: OpenJDK 64-Bit Server VM (25.152-b16-5323222 mixed mode linux-amd64 compressed oops)
Heap:
 PSYoungGen      total 483328K, used 65423K [0x00000000e0000000, 0x00000000ffd00000, 0x0000000100000000)
  eden space 447488K, 9% used [0x00000000e0000000,0x00000000e27ba9a0,0x00000000fb500000)
  from space 35840K, 69% used [0x00000000fda00000,0x00000000ff229620,0x00000000ffd00000)
  to   space 36864K, 0% used [0x00000000fb500000,0x00000000fb500000,0x00000000fd900000)
 ParOldGen       total 251392K, used 38546K [0x00000000a0000000, 0x00000000af580000, 0x00000000e0000000)
  object space 251392K, 15% used [0x00000000a0000000,0x00000000a25a4bd8,0x00000000af580000)
 Metaspace       used 90275K, capacity 94652K, committed 94808K, reserved 1132544K
  class space    used 11534K, capacity 12355K, committed 12416K, reserved 1048576K
GC Heap History (10 events):
Event: 13.144 GC heap before
{Heap before GC invocations=11 (full 3):
 PSYoungGen      total 254976K, used 231424K [0x00000000e0000000, 0x00000000f7b80000, 0x0000000100000000)
  eden space 231424K, 100% used [0x00000000e0000000,0x00000000ee200000,0x00000000ee200000)
  from space 23552K, 0% used [0x00000000ee200000,0x00000000ee200000,0x00000000ef900000)
  to   space 22528K, 0% used [0x00000000f6580000,0x00000000f6580000,0x00000000f7b80000)
 ParOldGen       total 251392K, used 28106K [0x00000000a0000000, 0x00000000af580000, 0x00000000e0000000)
  object space 251392K, 11% used [0x00000000a0000000,0x00000000a1b72930,0x00000000af580000)
 Metaspace       used 64738K, capacity 66584K, committed 66776K, reserved 1107968K
  class space    used 8490K, capacity 8907K, committed 8960K, reserved 1048576K
Event: 13.167 GC heap after
Heap after GC invocations=11 (full 3):
 PSYoungGen      total 343040K, used 22502K [0x00000000e0000000, 0x00000000f7b80000, 0x0000000100000000)
  eden space 320512K, 0% used [0x00000000e0000000,0x00000000e0000000,0x00000000f3900000)
  from space 22528K, 99% used [0x00000000f6580000,0x00000000f7b79858,0x00000000f7b80000)
  to   space 25600K, 0% used [0x00000000f4980000,0x00000000f4980000,0x00000000f6280000)
 ParOldGen       total 251392K, used 28610K [0x00000000a0000000, 0x00000000af580000, 0x00000000e0000000)
  object space 251392K, 11% used [0x00000000a0000000,0x00000000a1bf08e8,0x00000000af580000)
 Metaspace       used 64738K, capacity 66584K, committed 66776K, reserved 1107968K
  class space    used 8490K, capacity 8907K, committed 8960K, reserved 1048576K
}
Event: 16.747 GC heap before
{Heap before GC invocations=12 (full 3):
 PSYoungGen      total 343040K, used 342900K [0x00000000e0000000, 0x00000000f7b80000, 0x0000000100000000)
  eden space 320512K, 99% used [0x00000000e0000000,0x00000000f38e3af8,0x00000000f3900000)
  from space 22528K, 99% used [0x00000000f6580000,0x00000000f7b79858,0x00000000f7b80000)
  to   space 25600K, 0% used [0x00000000f4980000,0x00000000f4980000,0x00000000f6280000)
 ParOldGen       total 251392K, used 28610K [0x00000000a0000000, 0x00000000af580000, 0x00000000e0000000)
  object space 251392K, 11% used [0x00000000a0000000,0x00000000a1bf08e8,0x00000000af580000)
 Metaspace       used 83304K, capacity 86630K, committed 86744K, reserved 1124352K
  class space    used 10762K, capacity 11408K, committed 11520K, reserved 1048576K
Event: 16.771 GC heap after
Heap after GC invocations=12 (full 3):
 PSYoungGen      total 363008K, used 25575K [0x00000000e0000000, 0x00000000fbb80000, 0x0000000100000000)
  eden space 337408K, 0% used [0x00000000e0000000,0x00000000e0000000,0x00000000f4980000)
  from space 25600K, 99% used [0x00000000f4980000,0x00000000f6279fd0,0x00000000f6280000)
  to   space 33280K, 0% used [0x00000000f9b00000,0x00000000f9b00000,0x00000000fbb80000)
 ParOldGen       total 251392K, used 38514K [0x00000000a0000000, 0x00000000af580000, 0x00000000e0000000)
  object space 251392K, 15% used [0x00000000a0000000,0x00000000a259cbd8,0x00000000af580000)
 Metaspace       used 83304K, capacity 86630K, committed 86744K, reserved 1124352K
  class space    used 10762K, capacity 11408K, committed 11520K, reserved 1048576K
}
Event: 18.940 GC heap before
{Heap before GC invocations=13 (full 3):
 PSYoungGen      total 363008K, used 362983K [0x00000000e0000000, 0x00000000fbb80000, 0x0000000100000000)
  eden space 337408K, 100% used [0x00000000e0000000,0x00000000f4980000,0x00000000f4980000)
  from space 25600K, 99% used [0x00000000f4980000,0x00000000f6279fd0,0x00000000f6280000)
  to   space 33280K, 0% used [0x00000000f9b00000,0x00000000f9b00000,0x00000000fbb80000)
 ParOldGen       total 251392K, used 38514K [0x00000000a0000000, 0x00000000af580000, 0x00000000e0000000)
  object space 251392K, 15% used [0x00000000a0000000,0x00000000a259cbd8,0x00000000af580000)
 Metaspace       used 86065K, capacity 89760K, committed 89944K, reserved 1128448K
  class space    used 11097K, capacity 11829K, committed 11904K, reserved 1048576K
Event: 18.961 GC heap after
Heap after GC invocations=13 (full 3):
 PSYoungGen      total 419840K, used 23522K [0x00000000e0000000, 0x00000000fcd00000, 0x0000000100000000)
  eden space 386560K, 0% used [0x00000000e0000000,0x00000000e0000000,0x00000000f7980000)
  from space 33280K, 70% used [0x00000000f9b00000,0x00000000fb1f8a30,0x00000000fbb80000)
  to   space 34304K, 0% used [0x00000000f7980000,0x00000000f7980000,0x00000000f9b00000)
 ParOldGen       total 251392K, used 38530K [0x00000000a0000000, 0x00000000af580000, 0x00000000e0000000)
  object space 251392K, 15% used [0x00000000a0000000,0x00000000a25a0bd8,0x00000000af580000)
 Metaspace       used 86065K, capacity 89760K, committed 89944K, reserved 1128448K
  class space    used 11097K, capacity 11829K, committed 11904K, reserved 1048576K
}
Event: 94.453 GC heap before
{Heap before GC invocations=14 (full 3):
 PSYoungGen      total 419840K, used 409972K [0x00000000e0000000, 0x00000000fcd00000, 0x0000000100000000)
  eden space 386560K, 99% used [0x00000000e0000000,0x00000000f7964790,0x00000000f7980000)
  from space 33280K, 70% used [0x00000000f9b00000,0x00000000fb1f8a30,0x00000000fbb80000)
  to   space 34304K, 0% used [0x00000000f7980000,0x00000000f7980000,0x00000000f9b00000)
 ParOldGen       total 251392K, used 38530K [0x00000000a0000000, 0x00000000af580000, 0x00000000e0000000)
  object space 251392K, 15% used [0x00000000a0000000,0x00000000a25a0bd8,0x00000000af580000)
 Metaspace       used 89760K, capacity 94032K, committed 94296K, reserved 1130496K
  class space    used 11509K, capacity 12299K, committed 12416K, reserved 1048576K
Event: 94.492 GC heap after
Heap after GC invocations=14 (full 3):
 PSYoungGen      total 420864K, used 27504K [0x00000000e0000000, 0x00000000ffd80000, 0x0000000100000000)
  eden space 386560K, 0% used [0x00000000e0000000,0x00000000e0000000,0x00000000f7980000)
  from space 34304K, 80% used [0x00000000f7980000,0x00000000f945c060,0x00000000f9b00000)
  to   space 36352K, 0% used [0x00000000fda00000,0x00000000fda00000,0x00000000ffd80000)
 ParOldGen       total 251392K, used 38538K [0x00000000a0000000, 0x00000000af580000, 0x00000000e0000000)
  object space 251392K, 15% used [0x00000000a0000000,0x00000000a25a2bd8,0x00000000af580000)
 Metaspace       used 89760K, capacity 94032K, committed 94296K, reserved 1130496K
  class space    used 11509K, capacity 12299K, committed 12416K, reserved 1048576K
}
Event: 98.079 GC heap before
{Heap before GC invocations=15 (full 3):
 PSYoungGen      total 420864K, used 414064K [0x00000000e0000000, 0x00000000ffd80000, 0x0000000100000000)
  eden space 386560K, 100% used [0x00000000e0000000,0x00000000f7980000,0x00000000f7980000)
  from space 34304K, 80% used [0x00000000f7980000,0x00000000f945c060,0x00000000f9b00000)
  to   space 36352K, 0% used [0x00000000fda00000,0x00000000fda00000,0x00000000ffd80000)
 ParOldGen       total 251392K, used 38538K [0x00000000a0000000, 0x00000000af580000, 0x00000000e0000000)
  object space 251392K, 15% used [0x00000000a0000000,0x00000000a25a2bd8,0x00000000af580000)
 Metaspace       used 90235K, capacity 94612K, committed 94808K, reserved 1132544K
  class space    used 11532K, capacity 12321K, committed 12416K, reserved 1048576K
Event: 98.111 GC heap after
Heap after GC invocations=15 (full 3):
 PSYoungGen      total 483328K, used 24741K [0x00000000e0000000, 0x00000000ffd00000, 0x0000000100000000)
  eden space 447488K, 0% used [0x00000000e0000000,0x00000000e0000000,0x00000000fb500000)
  from space 35840K, 69% used [0x00000000fda00000,0x00000000ff229620,0x00000000ffd00000)
  to   space 36864K, 0% used [0x00000000fb500000,0x00000000fb500000,0x00000000fd900000)
 ParOldGen       total 251392K, used 38546K [0x00000000a0000000, 0x00000000af580000, 0x00000000e0000000)
  object space 251392K, 15% used [0x00000000a0000000,0x00000000a25a4bd8,0x00000000af580000)
 Metaspace       used 90235K, capacity 94612K, committed 94808K, reserved 1132544K
  class space    used 11532K, capacity 12321K, committed 12416K, reserved 1048576K
}

