# JRE version: OpenJDK Runtime Environment (8.0_152) (build 1.8.0_152-release-1343-b16-5323222)
# Java VM: OpenJDK 64-Bit Server VM (25.152-b16-5323222 mixed mode linux-amd64 compressed oops)
Heap:
 PSYoungGen      total 403968K, used 118333K [0x00000000e0000000, 0x00000000fec80000, 0x0000000100000000)
  eden space 375808K, 23% used [0x00000000e0000000,0x00000000e5810b18,0x00000000f6f00000)
  from space 28160K, 99% used [0x00000000f6f00000,0x00000000f8a7ec88,0x00000000f8a80000)
  to   space 36352K, 0% used [0x00000000fc900000,0x00000000fc900000,0x00000000fec80000)
 ParOldGen       total 235008K, used 43840K [0x00000000a0000000, 0x00000000ae580000, 0x00000000e0000000)
  object space 235008K, 18% used [0x00000000a0000000,0x00000000a2ad02d8,0x00000000ae580000)
 Metaspace       used 85001K, capacity 88456K, committed 88664K, reserved 1126400K
  class space    used 10961K, capacity 11647K, committed 11648K, reserved 1048576K
GC Heap History (10 events):
Event: 5.785 GC heap before
{Heap before GC invocations=8 (full 2):
 PSYoungGen      total 253440K, used 243712K [0x00000000e0000000, 0x00000000f1f00000, 0x0000000100000000)
  eden space 243712K, 100% used [0x00000000e0000000,0x00000000eee00000,0x00000000eee00000)
  from space 9728K, 0% used [0x00000000eee00000,0x00000000eee00000,0x00000000ef780000)
  to   space 14336K, 0% used [0x00000000f1100000,0x00000000f1100000,0x00000000f1f00000)
 ParOldGen       total 168960K, used 17627K [0x00000000a0000000, 0x00000000aa500000, 0x00000000e0000000)
  object space 168960K, 10% used [0x00000000a0000000,0x00000000a1136f00,0x00000000aa500000)
 Metaspace       used 56990K, capacity 58362K, committed 58456K, reserved 1099776K
  class space    used 7722K, capacity 8056K, committed 8064K, reserved 1048576K
Event: 5.802 GC heap after
Heap after GC invocations=8 (full 2):
 PSYoungGen      total 269824K, used 14325K [0x00000000e0000000, 0x00000000f7600000, 0x0000000100000000)
  eden space 255488K, 0% used [0x00000000e0000000,0x00000000e0000000,0x00000000ef980000)
  from space 14336K, 99% used [0x00000000f1100000,0x00000000f1efd410,0x00000000f1f00000)
  to   space 24064K, 0% used [0x00000000ef980000,0x00000000ef980000,0x00000000f1100000)
 ParOldGen       total 168960K, used 31490K [0x00000000a0000000, 0x00000000aa500000, 0x00000000e0000000)
  object space 168960K, 18% used [0x00000000a0000000,0x00000000a1ec09d0,0x00000000aa500000)
 Metaspace       used 56990K, capacity 58362K, committed 58456K, reserved 1099776K
  class space    used 7722K, capacity 8056K, committed 8064K, reserved 1048576K
}
Event: 5.954 GC heap before
{Heap before GC invocations=9 (full 2):
 PSYoungGen      total 269824K, used 32868K [0x00000000e0000000, 0x00000000f7600000, 0x0000000100000000)
  eden space 255488K, 7% used [0x00000000e0000000,0x00000000e121bc20,0x00000000ef980000)
  from space 14336K, 99% used [0x00000000f1100000,0x00000000f1efd410,0x00000000f1f00000)
  to   space 24064K, 0% used [0x00000000ef980000,0x00000000ef980000,0x00000000f1100000)
 ParOldGen       total 168960K, used 31490K [0x00000000a0000000, 0x00000000aa500000, 0x00000000e0000000)
  object space 168960K, 18% used [0x00000000a0000000,0x00000000a1ec09d0,0x00000000aa500000)
 Metaspace       used 57488K, capacity 58896K, committed 59028K, reserved 1099776K
  class space    used 7785K, capacity 8095K, committed 8192K, reserved 1048576K
Event: 5.963 GC heap after
Heap after GC invocations=9 (full 2):
 PSYoungGen      total 279552K, used 13413K [0x00000000e0000000, 0x00000000fa600000, 0x0000000100000000)
  eden space 255488K, 0% used [0x00000000e0000000,0x00000000e0000000,0x00000000ef980000)
  from space 24064K, 55% used [0x00000000ef980000,0x00000000f06997c0,0x00000000f1100000)
  to   space 22528K, 0% used [0x00000000f9000000,0x00000000f9000000,0x00000000fa600000)
 ParOldGen       total 168960K, used 31498K [0x00000000a0000000, 0x00000000aa500000, 0x00000000e0000000)
  object space 168960K, 18% used [0x00000000a0000000,0x00000000a1ec29d0,0x00000000aa500000)
 Metaspace       used 57488K, capacity 58896K, committed 59028K, reserved 1099776K
  class space    used 7785K, capacity 8095K, committed 8192K, reserved 1048576K
}
Event: 5.963 GC heap before
{Heap before GC invocations=10 (full 3):
 PSYoungGen      total 279552K, used 13413K [0x00000000e0000000, 0x00000000fa600000, 0x0000000100000000)
  eden space 255488K, 0% used [0x00000000e0000000,0x00000000e0000000,0x00000000ef980000)
  from space 24064K, 55% used [0x00000000ef980000,0x00000000f06997c0,0x00000000f1100000)
  to   space 22528K, 0% used [0x00000000f9000000,0x00000000f9000000,0x00000000fa600000)
 ParOldGen       total 168960K, used 31498K [0x00000000a0000000, 0x00000000aa500000, 0x00000000e0000000)
  object space 168960K, 18% used [0x00000000a0000000,0x00000000a1ec29d0,0x00000000aa500000)
 Metaspace       used 57488K, capacity 58896K, committed 59028K, reserved 1099776K
  class space    used 7785K, capacity 8095K, committed 8192K, reserved 1048576K
Event: 6.071 GC heap after
Heap after GC invocations=10 (full 3):
 PSYoungGen      total 279552K, used 0K [0x00000000e0000000, 0x00000000fa600000, 0x0000000100000000)
  eden space 255488K, 0% used [0x00000000e0000000,0x00000000e0000000,0x00000000ef980000)
  from space 24064K, 0% used [0x00000000ef980000,0x00000000ef980000,0x00000000f1100000)
  to   space 22528K, 0% used [0x00000000f9000000,0x00000000f9000000,0x00000000fa600000)
 ParOldGen       total 235008K, used 27729K [0x00000000a0000000, 0x00000000ae580000, 0x00000000e0000000)
  object space 235008K, 11% used [0x00000000a0000000,0x00000000a1b147c0,0x00000000ae580000)
 Metaspace       used 57488K, capacity 58896K, committed 59028K, reserved 1099776K
  class space    used 7785K, capacity 8095K, committed 8192K, reserved 1048576K
}
Event: 12.729 GC heap before
{Heap before GC invocations=11 (full 3):
 PSYoungGen      total 279552K, used 255488K [0x00000000e0000000, 0x00000000fa600000, 0x0000000100000000)
  eden space 255488K, 100% used [0x00000000e0000000,0x00000000ef980000,0x00000000ef980000)
  from space 24064K, 0% used [0x00000000ef980000,0x00000000ef980000,0x00000000f1100000)
  to   space 22528K, 0% used [0x00000000f9000000,0x00000000f9000000,0x00000000fa600000)
 ParOldGen       total 235008K, used 27729K [0x00000000a0000000, 0x00000000ae580000, 0x00000000e0000000)
  object space 235008K, 11% used [0x00000000a0000000,0x00000000a1b147c0,0x00000000ae580000)
 Metaspace       used 66841K, capacity 68672K, committed 69080K, reserved 1110016K
  class space    used 8719K, capacity 9111K, committed 9216K, reserved 1048576K
Event: 12.750 GC heap after
Heap after GC invocations=11 (full 3):
 PSYoungGen      total 377856K, used 22504K [0x00000000e0000000, 0x00000000fa600000, 0x0000000100000000)
  eden space 355328K, 0% used [0x00000000e0000000,0x00000000e0000000,0x00000000f5b00000)
  from space 22528K, 99% used [0x00000000f9000000,0x00000000fa5fa0a8,0x00000000fa600000)
  to   space 28160K, 0% used [0x00000000f6f00000,0x00000000f6f00000,0x00000000f8a80000)
 ParOldGen       total 235008K, used 33571K [0x00000000a0000000, 0x00000000ae580000, 0x00000000e0000000)
  object space 235008K, 14% used [0x00000000a0000000,0x00000000a20c8fc0,0x00000000ae580000)
 Metaspace       used 66841K, capacity 68672K, committed 69080K, reserved 1110016K
  class space    used 8719K, capacity 9111K, committed 9216K, reserved 1048576K
}
Event: 16.395 GC heap before
{Heap before GC invocations=12 (full 3):
 PSYoungGen      total 377856K, used 377801K [0x00000000e0000000, 0x00000000fa600000, 0x0000000100000000)
  eden space 355328K, 99% used [0x00000000e0000000,0x00000000f5af8408,0x00000000f5b00000)
  from space 22528K, 99% used [0x00000000f9000000,0x00000000fa5fa0a8,0x00000000fa600000)
  to   space 28160K, 0% used [0x00000000f6f00000,0x00000000f6f00000,0x00000000f8a80000)
 ParOldGen       total 235008K, used 33571K [0x00000000a0000000, 0x00000000ae580000, 0x00000000e0000000)
  object space 235008K, 14% used [0x00000000a0000000,0x00000000a20c8fc0,0x00000000ae580000)
 Metaspace       used 83778K, capacity 87100K, committed 87256K, reserved 1124352K
  class space    used 10817K, capacity 11459K, committed 11520K, reserved 1048576K
Event: 16.424 GC heap after
Heap after GC invocations=12 (full 3):
 PSYoungGen      total 403968K, used 28155K [0x00000000e0000000, 0x00000000fec80000, 0x0000000100000000)
  eden space 375808K, 0% used [0x00000000e0000000,0x00000000e0000000,0x00000000f6f00000)
  from space 28160K, 99% used [0x00000000f6f00000,0x00000000f8a7ec88,0x00000000f8a80000)
  to   space 36352K, 0% used [0x00000000fc900000,0x00000000fc900000,0x00000000fec80000)
 ParOldGen       total 235008K, used 43840K [0x00000000a0000000, 0x00000000ae580000, 0x00000000e0000000)
  object space 235008K, 18% used [0x00000000a0000000,0x00000000a2ad02d8,0x00000000ae580000)
 Metaspace       used 83778K, capacity 87100K, committed 87256K, reserved 1124352K
  class space    used 10817K, capacity 11459K, committed 11520K, reserved 1048576K
}

